2015-04-26 01:46:55.2211 INFO 连接认证服务器成功
2015-04-26 01:47:02.1122 WARN 登录成功
2015-04-26 01:49:33.5443 INFO 连接认证服务器成功
2015-04-26 01:50:15.3216 INFO 连接认证服务器成功
2015-04-26 01:50:22.3310 WARN 登录成功
2015-04-26 01:55:46.7530 WARN 【补单成功】耗时5.5865586秒 收入16.75队伍:Manchester City <> Aston Villa 预期水位:1.043 延迟:638 
成交:小3.75 赔率:1.0753 数额:985     单号:1504251355402524   状态:Waiting  账户:Zhibo     yanjing04    余额:101322.6 
成交:大3.75 赔率:0.961  数额:1042    单号:461665388          状态:Waiting  账户:Pinnacle  CK8T720004   余额:213744.1 
2015-04-26 01:55:49.3422 WARN 【小球投注失败】队伍:Manchester City <> Aston Villa 预期水位:1.024 延迟:1152 
2015-04-26 01:55:51.8155 WARN 【大球盘口过期1072毫秒，停止投注】队伍:Manchester City <> Aston Villa 预期水位:1.024 延迟:1468 
2015-04-26 01:55:53.3356 WARN 【大球盘口过期1168毫秒，停止投注】队伍:Manchester City <> Aston Villa 预期水位:1.002 延迟:1513 
2015-04-26 01:55:54.7938 WARN 【小球投注失败】队伍:Manchester City <> Aston Villa 预期水位:1.002 延迟:1060 
2015-04-26 01:55:57.6811 WARN 【小球投注失败】队伍:Manchester City <> Aston Villa 预期水位:1.002 延迟:1479 
2015-04-26 01:56:02.2965 WARN 【小球投注失败】队伍:Manchester City <> Aston Villa 预期水位:1.012 延迟:3213 
2015-04-26 02:01:36.7398 WARN 【小球投注失败】队伍:Manchester City <> Aston Villa 预期水位:1.009 延迟:1075 
2015-04-26 02:04:57.3837 INFO 【下注成功】水位:0.992 收入:-4.00 队伍:Bayern Munchen <> Hertha Berlin 预期水位:0.992 延迟:380 
成交:小0.5  赔率:0.8    数额:1120    单号:1504251404551747   状态:Success  账户:Zhibo     yanjing03    余额:116481.5 
成交:大0.5  赔率:1.24   数额:900     单号:461672527          状态:Waiting  账户:Pinnacle  CK8T720003   余额:177564 
2015-04-26 02:05:00.4740 INFO 【下注成功】水位:0.992 收入:-4.00 队伍:Bayern Munchen <> Hertha Berlin 预期水位:0.992 延迟:1790 
成交:小0.5  赔率:0.8    数额:1120    单号:1504251404565174   状态:Success  账户:Zhibo     yanjiang02   余额:110799.9 
成交:大0.5  赔率:1.24   数额:900     单号:461672536          状态:Waiting  账户:Pinnacle  CK8T720002   余额:182537.1 
2015-04-26 02:05:11.4731 WARN 【大球盘口过期1166毫秒，停止投注】队伍:Manchester City <> Aston Villa 预期水位:1.056 延迟:1373 
2015-04-26 02:05:17.4027 WARN 【补单成功】耗时3.8993899秒 收入78.46队伍:Manchester City <> Aston Villa 预期水位:1.056 延迟:981 
成交:小3.75 赔率:0.549  数额:1461    单号:461672663          状态:Waiting  账户:Pinnacle  CK8T720004   余额:212283.1 
成交:大3.75 赔率:2.1277 数额:723     单号:1504251405157002   状态:Waiting  账户:Zhibo     yanjing04    余额:100599.6 
2015-04-26 02:05:20.1500 WARN 【小球投注失败】队伍:Manchester City <> Aston Villa 预期水位:1.143 延迟:1142 
2015-04-26 02:05:23.7633 WARN 【小球投注失败】队伍:Manchester City <> Aston Villa 预期水位:1.143 延迟:1142 
2015-04-26 02:05:26.2066 WARN 【小球投注失败】队伍:Manchester City <> Aston Villa 预期水位:1.027 延迟:666 
2015-04-26 02:05:34.5264 WARN 【小球投注失败】队伍:Manchester City <> Aston Villa 预期水位:1.020 延迟:953 
2015-04-26 02:07:44.7754 WARN 【小球投注失败】队伍:Bayern Munchen <> Hertha Berlin 预期水位:1.014 延迟:804 
2015-04-26 02:07:45.3745 WARN 【小球投注失败】队伍:Bayern Munchen <> Hertha Berlin 预期水位:1.014 延迟:479 
2015-04-26 02:08:00.0410 WARN 【小球投注失败】队伍:Bayern Munchen <> Hertha Berlin 预期水位:1.038 延迟:691 
2015-04-26 02:57:44.3802 INFO 【下注成功】水位:1.265 收入:132.40 队伍:Getafe <> Levante 预期水位:1.265 延迟:891 
成交:小1.75 赔率:2.0408 数额:810     单号:4499753961         状态:Waiting  账户:Sbo       ehet711006   余额:308514.2 
成交:大1.75 赔率:0.62   数额:1520    单号:1504251457435303   状态:Success  账户:Zhibo     yanjiang02   余额:109279.9 
2015-04-26 02:57:46.8176 INFO 【下注成功】水位:1.265 收入:132.40 队伍:Getafe <> Levante 预期水位:1.265 延迟:369 
成交:小1.75 赔率:2.0408 数额:810     单号:4499754050         状态:Waiting  账户:Sbo       ehet711006   余额:307704.2 
成交:大1.75 赔率:0.62   数额:1520    单号:1504251457452590   状态:Success  账户:Zhibo     yanjiang02   余额:107759.9 
2015-04-26 02:57:49.5382 INFO 【下注成功】水位:1.265 收入:132.40 队伍:Getafe <> Levante 预期水位:1.265 延迟:516 
成交:小1.75 赔率:2.0408 数额:810     单号:4499754192         状态:Waiting  账户:Sbo       ehet711006   余额:306894.2 
成交:大1.75 赔率:0.62   数额:1520    单号:1504251457489118   状态:Success  账户:Zhibo     yanjiang02   余额:106239.9 
2015-04-26 02:57:51.8827 ERROR 【线程被中断，可能有未处理的单，请参考log文件】队伍:Getafe <> Levante 预期水位:1.265 延迟:659 
2015-04-26 03:30:53.5380 INFO 连接认证服务器成功
2015-04-26 03:31:02.5689 WARN 登录成功
2015-04-26 03:35:41.5388 WARN 【小球投注失败】队伍:Caen <> Guingamp 预期水位:1.001 延迟:703 
2015-04-26 13:29:26.6284 INFO 连接认证服务器成功
2015-04-26 13:29:33.1630 WARN 登录成功
2015-04-26 14:36:02.3763 INFO 连接认证服务器成功
2015-04-26 14:36:08.6342 WARN 登录成功
2015-04-26 14:39:40.4404 WARN 【补单成功】耗时19.4589457秒 收入-4.50队伍:Wellington Phoenix <> Sydney FC 预期水位:1.019 延迟:334 
成交:小3.5  赔率:1.1111 数额:958     单号:4500677204         状态:Waiting  账户:Sbo       ehet711005   余额:104227.3 
成交:大3.5  赔率:0.892  数额:1068    单号:461872993          状态:Waiting  账户:Pinnacle  CK8T720003   余额:178512 
2015-04-26 14:39:48.7592 WARN 【补单成功】耗时27.4467444秒 收入-0.01队伍:Wellington Phoenix <> Sydney FC 预期水位:1.019 延迟:462 
成交:小3.5  赔率:1.1111 数额:958     单号:4500677208         状态:Waiting  账户:Sbo       ehet711006   余额:314995.1 
成交:大3.5  赔率:0.9    数额:1064    单号:4500677739         状态:Waiting  账户:Sbo       ehet711006   余额:313931.1 
2015-04-26 14:40:11.9846 WARN 【补单成功】耗时29.0099007秒 收入1.04队伍:Wellington Phoenix <> Sydney FC 预期水位:1.002 延迟:794 
成交:小3.5  赔率:1.0526 数额:976     单号:1504260239425875   状态:Waiting  账户:Zhibo     yanjing03    余额:115508.3 
成交:大3.5  赔率:0.952  数额:1026    单号:461873030          状态:Waiting  账户:Pinnacle  CK8T720003   余额:177486 
2015-04-26 14:42:15.8239 WARN 【小球投注失败】队伍:Wellington Phoenix <> Sydney FC 预期水位:0.999 延迟:331 
2015-04-26 14:47:43.4197 WARN 【小球投注失败】队伍:Wellington Phoenix <> Sydney FC 预期水位:1.043 延迟:854 
2015-04-26 14:48:34.7088 WARN 【补单成功】耗时51.1030914秒 收入601.14队伍:Wellington Phoenix <> Sydney FC 预期水位:1.043 延迟:392 
成交:小3.5  赔率:0.48   数额:31738   单号:1504260247425008   状态:Waiting  账户:Zhibo     yanjing03    余额:83770.27 
成交:大3.5  赔率:2.21   数额:14633   单号:461874160          状态:Success  账户:Pinnacle  CK8T720003   余额:162853 
2015-04-26 14:51:06.4470 INFO 【下注成功】水位:1.022 收入:83.35 队伍:Wellington Phoenix <> Sydney FC 预期水位:1.022 延迟:341 
成交:小3.5  赔率:0.28   数额:17944   单号:4500695855         状态:Waiting  账户:Sbo       ehet711005   余额:86283.25 
成交:大3.5  赔率:3.65   数额:4939    单号:461874390          状态:Waiting  账户:Pinnacle  CK8T720003   余额:157914 
2015-04-26 14:51:51.2307 WARN 【小球投注失败】队伍:Wellington Phoenix <> Sydney FC 预期水位:1.113 延迟:355 
2015-04-26 14:51:52.2207 INFO 【下注成功】水位:1.113 收入:383.92 队伍:Wellington Phoenix <> Sydney FC 预期水位:1.113 延迟:338 
成交:小3.5  赔率:0.26   数额:17973   单号:4500697053         状态:Waiting  账户:Sbo       ehet711005   余额:68310.25 
成交:大3.5  赔率:4.28   数额:4289    单号:461874550          状态:Waiting  账户:Pinnacle  CK8T720003   余额:153625 
2015-04-26 14:52:01.7417 WARN 【小球投注失败】队伍:Wellington Phoenix <> Sydney FC 预期水位:1.167 延迟:331 
2015-04-26 14:52:02.7817 INFO 【下注成功】水位:1.167 收入:508.66 队伍:Wellington Phoenix <> Sydney FC 预期水位:1.167 延迟:430 
成交:小3.5  赔率:0.26   数额:16706   单号:4500697318         状态:Waiting  账户:Sbo       ehet711004   余额:267348.8 
成交:大3.5  赔率:4.49   数额:3834    单号:461874616          状态:Success  账户:Pinnacle  CK8T720004   余额:210492.5 
2015-04-26 14:52:03.3537 INFO 【下注成功】水位:1.167 收入:83.70 队伍:Wellington Phoenix <> Sydney FC 预期水位:1.167 延迟:520 
成交:小3.5  赔率:0.26   数额:2745    单号:4500697335         状态:Waiting  账户:Sbo       ehet711003   余额:304751.5 
成交:大3.5  赔率:4.49   数额:630     单号:461874617          状态:Success  账户:Pinnacle  CK8T720005   余额:189901.7 
2015-04-26 14:52:03.5217 WARN 【小球投注失败】队伍:Wellington Phoenix <> Sydney FC 预期水位:1.167 延迟:596 
2015-04-26 14:52:05.8947 INFO 【下注成功】水位:1.167 收入:523.54 队伍:Wellington Phoenix <> Sydney FC 预期水位:1.167 延迟:575 
成交:小3.5  赔率:0.26   数额:17194   单号:4500697390         状态:Waiting  账户:Sbo       ehet711004   余额:250154.8 
成交:大3.5  赔率:4.49   数额:3946    单号:461874622          状态:Success  账户:Pinnacle  CK8T720004   余额:206546.5 
2015-04-26 14:52:07.8967 WARN 【小球投注失败】队伍:Wellington Phoenix <> Sydney FC 预期水位:1.167 延迟:331 
2015-04-26 14:52:08.7427 WARN 【小球投注失败】队伍:Wellington Phoenix <> Sydney FC 预期水位:1.167 延迟:338 
2015-04-26 14:52:09.6587 WARN 【小球投注失败】队伍:Wellington Phoenix <> Sydney FC 预期水位:1.167 延迟:680 
2015-04-26 14:52:10.3237 WARN 【小球投注失败】队伍:Wellington Phoenix <> Sydney FC 预期水位:1.167 延迟:332 
2015-04-26 14:52:10.7337 INFO 【下注成功】水位:1.167 收入:83.70 队伍:Wellington Phoenix <> Sydney FC 预期水位:1.167 延迟:332 
成交:小3.5  赔率:0.26   数额:2745    单号:4500697517         状态:Waiting  账户:Sbo       ehet711003   余额:302006.5 
成交:大3.5  赔率:4.49   数额:630     单号:461874629          状态:Success  账户:Pinnacle  CK8T720005   余额:189271.7 
2015-04-26 14:52:14.3897 WARN 【小球投注失败】队伍:Wellington Phoenix <> Sydney FC 预期水位:1.123 延迟:334 
2015-04-26 14:52:15.3457 WARN 【小球投注失败】队伍:Wellington Phoenix <> Sydney FC 预期水位:1.123 延迟:444 
2015-04-26 14:52:15.7977 WARN 【小球投注失败】队伍:Wellington Phoenix <> Sydney FC 预期水位:1.123 延迟:347 
2015-04-26 14:52:16.2217 INFO 【下注成功】水位:1.123 收入:61.25 队伍:Wellington Phoenix <> Sydney FC 预期水位:1.123 延迟:547 
成交:小3.5  赔率:0.25   数额:2745    单号:4500697662         状态:Waiting  账户:Sbo       ehet711003   余额:299261.5 
成交:大3.5  赔率:4.49   数额:625     单号:461874637          状态:Waiting  账户:Pinnacle  CK8T720005   余额:188646.7 
2015-04-26 14:52:16.7687 WARN 【小球投注失败】队伍:Wellington Phoenix <> Sydney FC 预期水位:1.210 延迟:360 
2015-04-26 14:52:17.1917 WARN 【小球投注失败】队伍:Wellington Phoenix <> Sydney FC 预期水位:1.210 延迟:333 
2015-04-26 14:52:17.6377 WARN 【小球投注失败】队伍:Wellington Phoenix <> Sydney FC 预期水位:1.210 延迟:329 
2015-04-26 14:52:26.1227 WARN 【小球投注失败】队伍:Wellington Phoenix <> Sydney FC 预期水位:1.202 延迟:689 
2015-04-26 14:52:26.4557 WARN 【小球投注失败】队伍:Wellington Phoenix <> Sydney FC 预期水位:1.202 延迟:335 
2015-04-26 14:52:27.5207 WARN 【小球投注失败】队伍:Wellington Phoenix <> Sydney FC 预期水位:1.202 延迟:337 
2015-04-26 14:52:27.6427 INFO 【下注成功】水位:1.202 收入:101.20 队伍:Wellington Phoenix <> Sydney FC 预期水位:1.202 延迟:347 
成交:小3.5  赔率:0.24   数额:3005    单号:4500697920         状态:Waiting  账户:Sbo       ehet711003   余额:296256.5 
成交:大3.5  赔率:5.01   数额:620     单号:461874653          状态:Success  账户:Pinnacle  CK8T720005   余额:188026.7 
2015-04-26 14:52:28.0697 WARN 【小球投注失败】队伍:Wellington Phoenix <> Sydney FC 预期水位:1.202 延迟:522 
2015-04-26 14:52:54.6588 WARN 【小球投注失败】队伍:Wellington Phoenix <> Sydney FC 预期水位:1.049 延迟:333 
2015-04-26 14:52:54.7648 WARN 【小球投注失败】队伍:Wellington Phoenix <> Sydney FC 预期水位:1.049 延迟:380 
2015-04-26 14:52:56.0960 WARN 【小球投注失败】队伍:Wellington Phoenix <> Sydney FC 预期水位:1.049 延迟:339 
2015-04-26 14:52:56.2810 WARN 【小球投注失败】队伍:Wellington Phoenix <> Sydney FC 预期水位:1.049 延迟:419 
2015-04-26 14:52:56.6420 INFO 【下注成功】水位:1.049 收入:121.53 队伍:Wellington Phoenix <> Sydney FC 预期水位:1.049 延迟:953 
成交:小3.5  赔率:0.18   数额:16733   单号:4500698517         状态:Waiting  账户:Sbo       ehet711003   余额:279523.5 
成交:大3.5  赔率:5.83   数额:2891    单号:461875178          状态:Waiting  账户:Pinnacle  CK8T720005   余额:185135.7 
成交:大3.5  赔率:5.83   数额:2891    单号:4618751728          状态:Waiting  账户:Pinnacle  CK8T720005   余额:185135.7
成交:大3.5  赔率:5.83   数额:2891    单号:4618751738          状态:Waiting  账户:Pinnacle  CK8T720005   余额:185135.7 
成交:大3.5  赔率:5.83   数额:2891    单号:4618751728          状态:Waiting  账户:Pinnacle  CK8T720005   余额:185135.7  
成交:大3.5  赔率:5.83   数额:2891    单号:461875172899          状态:Waiting  账户:Pinnacle  CK8T720005   余额:185135.7  
成交:大3.5  赔率:5.83   数额:2891    单号:4618751727899          状态:Waiting  账户:Pinnacle  CK8T720005   余额:185135.7  