2015-07-20	00:25:13.9279	WARN	【补单成功】耗时5.3748秒	收入2.37	队伍:KuPS	<>	Inter	Turku	预期水位:1.033	延迟:450	大:Sbo	小:Pinnacle	
成交:小球	1.25	赔率:0.909	数额:500	比分:0:0	单号:482673476	状态:Waiting	账户:Pinnacle	hh8c102136	余额:179692.7	
成交:大球	1.25	赔率:1.1111	数额:452	比分:0:0	单号:4646833572	状态:Waiting	账户:Sbo	ehsc1aa002	余额:199459.7	
2015-07-20	00:43:01.9870	INFO	【下注成功】水位:1.028	收入:86.56	队伍:Mordovia	Saransk	<>	Lokomotiv	Moscow	预期水位:1.028	延迟:511	大:Pinnacle	小:Sbo	
成交:小球	1.5	赔率:0.23	数额:17114	比分:0:1	单号:4646867128	状态:Waiting	账户:Sbo	ehsc1aa006	余额:185369.7	
成交:大球	1.5	赔率:4.47	数额:3848	比分:0:1	单号:482677208	状态:Success	账户:Pinnacle	hh8c102140	余额:199529.3	
2015-07-20	00:44:43.5030	WARN	【先手小球投注失败】队伍:Helsingborgs	<>	AIK	Solna	预期水位:1.141	延迟:672	大:Zhibo	小:Pinnacle	
2015-07-20	00:44:47.4007	WARN	【先手小球投注失败】队伍:Helsingborgs	<>	AIK	Solna	预期水位:1.121	延迟:432	大:Zhibo	小:Pinnacle	
2015-07-20	00:44:49.6992	WARN	【先手小球投注失败】队伍:Helsingborgs	<>	AIK	Solna	预期水位:1.081	延迟:418	大:Zhibo	小:Pinnacle	
2015-07-20	00:44:53.0259	INFO	【下注成功】水位:1.061	收入:603.00	队伍:Helsingborgs	<>	AIK	Solna	预期水位:1.061	延迟:406	大:Zhibo	小:Pinnacle	
成交:小球	3	赔率:1.05	数额:19999	比分:1:1	单号:482677899	状态:Success	账户:Pinnacle	hh8c102134	余额:159147	
成交:大球	3	赔率:1.0101	数额:20396	比分:1:1	单号:1507031409013567	状态:Waiting	账户:Zhibo	yanjiang02	余额:79793.85	
2015-07-20	00:58:28.3615	WARN	【先手小球投注失败】队伍:KuPS	<>	Inter	Turku	预期水位:1.026	延迟:436	大:Pinnacle	小:Zhibo	
2015-07-20	00:58:29.2665	INFO	【下注成功】水位:1.026	收入:5.44	队伍:KuPS	<>	Inter	Turku	预期水位:1.026	延迟:531	大:Pinnacle	小:Zhibo	
成交:小球	2.5	赔率:0.95	数额:500	比分:1:1	单号:1507191301448708	状态:Success	账户:Zhibo	sos002	余额:264017.4	
成交:大球	2.5	赔率:1.08	数额:468	比分:1:1	单号:482683046	状态:Waiting	账户:Pinnacle	hh8c102136	余额:179224.7	
2015-07-20	01:08:32.4254	WARN	【先手小球投注失败】队伍:KuPS	<>	Inter	Turku	预期水位:1.021	延迟:447	大:Pinnacle	小:Sbo	
2015-07-20	01:08:36.0119	WARN	【补单成功】耗时3.92598秒	收入127.44	队伍:KuPS	<>	Inter	Turku	预期水位:1.021	延迟:382	大:Pinnacle	小:Sbo	
成交:小球	2.5	赔率:0.58	数额:20000	比分:1:1	单号:4646915481	状态:Waiting	账户:Sbo	ehsc1aa004	余额:237106.6	
成交:大球	2.5	赔率:1.7544	数额:11472	比分:1:1	单号:4646915599	状态:Waiting	账户:Sbo	ehsc1aa004	余额:225634.8	
2015-07-20	01:13:28.0151	INFO	【下注成功】水位:1.032	收入:147.50	队伍:Helsingborgs	<>	AIK	Solna	预期水位:1.032	延迟:388	大:Pinnacle	小:Sbo	
成交:小球	3.5	赔率:0.31	数额:19999	比分:2:1	单号:4646926771	状态:Waiting	账户:Sbo	ehsc1aa010	余额:171193.5	
成交:大球	3.5	赔率:3.33	数额:6050	比分:2:1	单号:482685366	状态:Success	账户:Pinnacle	hh8c102134	余额:153097	
2015-07-20	01:16:30.0419	INFO	【下注成功】水位:1.024	收入:68.16	队伍:KuPS	<>	Inter	Turku	预期水位:1.024	延迟:659	大:Pinnacle	小:Sbo	
成交:小球	2.5	赔率:0.2	数额:18200	比分:1:1	单号:4646933035	状态:Waiting	账户:Sbo	ehsc1aa004	余额:207434.8	
成交:大球	2.5	赔率:5.12	数额:3568	比分:1:1	单号:482685766	状态:Waiting	账户:Pinnacle	hh8c102137	余额:190484.8	
2015-07-20	01:16:52.9397	WARN	【补单成功】耗时24.6456秒	收入-8.18	队伍:KuPS	<>	Inter	Turku	预期水位:1.024	延迟:353	大:Pinnacle	小:Sbo	
成交:小球	2.5	赔率:0.2	数额:500	比分:1:1	单号:4646933034	状态:Waiting	账户:Sbo	ehsc1aa003	余额:140919.9	
成交:大球	2.5	赔率:4.5455	数额:108	比分:1:1	单号:4646933942	状态:Waiting	账户:Sbo	ehsc1aa003	余额:140812.1	
2015-07-20	02:15:02.8756	WARN	【先手小球投注失败】队伍:Sevilla	(n)	<>	AD	Alcorcon	预期水位:1.033	延迟:454	大:Pinnacle	小:Sbo	
2015-07-20	02:17:12.0538	WARN	【先手小球投注失败】队伍:Sevilla	(n)	<>	AD	Alcorcon	预期水位:1.025	延迟:478	大:Sbo	小:Pinnacle	
2015-07-20	02:23:17.7918	WARN	【补单成功】耗时2.7658395秒	收入0.01	队伍:Sevilla	(n)	<>	AD	Alcorcon	预期水位:1.085	延迟:422	大:Sbo	小:Zhibo	
成交:小球	2.75	赔率:0.89	数额:6759	比分:1:1	单号:1507191426328570	状态:Waiting	账户:Zhibo	sos006	余额:128219.1	
成交:大球	2.75	赔率:1.1236	数额:6015	比分:1:1	单号:4647053507	状态:Waiting	账户:Sbo	ehsc1aa006	余额:200448.1	
2015-07-20	02:29:08.5489	INFO	【下注成功】水位:1.021	收入:74.33	队伍:Sevilla	(n)	<>	AD	Alcorcon	预期水位:1.021	延迟:389	大:Sbo	小:Zhibo	
成交:小球	2.5	赔率:0.99	数额:7343	比分:1:1	单号:1507191432244349	状态:Success	账户:Zhibo	sos006	余额:120876.1	
成交:大球	2.5	赔率:1.0309	数额:7195	比分:1:1	单号:4647062249	状态:Waiting	账户:Sbo	ehsc1aa006	余额:193253.6	
2015-07-20	03:23:13.6921	WARN	【补单成功】耗时34.6284秒	收入-7.11	队伍:Fluminense	<>	Vasco	da	Gama	预期水位:1.017	延迟:519	大:Pinnacle	小:Zhibo	
成交:小球	1.75	赔率:0.9	数额:14999	比分:0:0	单号:1507191525568855	状态:Waiting	账户:Zhibo	sos004	余额:261713.2	
成交:大球	1.75	赔率:1.11	数额:13506	比分:0:0	单号:482720372	状态:Success	账户:Pinnacle	hh8c102137	余额:176978.8	
2015-07-20	03:24:38.4529	INFO	【下注成功】水位:1.022	收入:164.62	队伍:Fluminense	<>	Vasco	da	Gama	预期水位:1.022	延迟:436	大:Pinnacle	小:Zhibo	
成交:小球	1.5	赔率:1.0638	数额:14457	比分:0:0	单号:1507191527538256	状态:Waiting	账户:Zhibo	sos004	余额:247256.2	
成交:大球	1.5	赔率:0.961	数额:15215	比分:0:0	单号:482720765	状态:Waiting	账户:Pinnacle	hh8c102137	余额:161763.8	
2015-07-20	03:24:40.2652	WARN	【先手小球投注失败】队伍:Fluminense	<>	Vasco	da	Gama	预期水位:1.022	延迟:486	大:Pinnacle	小:Zhibo	
2015-07-20	03:36:03.6016	WARN	【先手小球投注失败】队伍:Fluminense	<>	Vasco	da	Gama	预期水位:1.027	延迟:583	大:Pinnacle	小:Sbo	
2015-07-20	03:41:26.8947	WARN	【补单成功】耗时43.0253021秒	收入-8.45	队伍:Figueirense	<>	Coritiba	预期水位:1.023	延迟:416	大:Sbo	小:Zhibo	
成交:小球	1	赔率:1.1494	数额:13487	比分:0:0	单号:1507191544015726	状态:Waiting	账户:Zhibo	sos003	余额:146881.7	
成交:大球	1	赔率:0.869	数额:15510	比分:0:0	单号:482723987	状态:Success	账户:Pinnacle	hh8c102135	余额:216173.9	
2015-07-20	03:44:57.8558	INFO	【下注成功】水位:1.021	收入:64.80	队伍:Anzhi	Makhachkala	<>	Kryliya	Sovetov	预期水位:1.021	延迟:492	大:Pinnacle	小:Sbo	
成交:小球	1.5	赔率:0.21	数额:18306	比分:0:1	单号:4647145889	状态:Waiting	账户:Sbo	ehsc1aa010	余额:152937.5	
成交:大球	1.5	赔率:4.86	数额:3780	比分:0:1	单号:482724322	状态:Waiting	账户:Pinnacle	hh8c102134	余额:175513.5	
2015-07-20	04:07:50.3678	WARN	【先手小球投注失败】队伍:Palmeiras	<>	Santos	预期水位:1.020	延迟:557	大:Pinnacle	小:Zhibo	
2015-07-20	04:07:52.1518	WARN	【先手小球投注失败】队伍:Palmeiras	<>	Santos	预期水位:1.020	延迟:450	大:Pinnacle	小:Zhibo	
2015-07-20	04:10:18.9437	WARN	【先手小球投注失败】队伍:San	Martin	San	Juan	<>	Atletico	Huracan	预期水位:1.016	延迟:425	大:Pinnacle	小:Zhibo	
2015-07-20	04:12:08.7232	WARN	【补单成功】耗时24.8894887秒	收入-23.42	队伍:San	Martin	San	Juan	<>	Atletico	Huracan	预期水位:1.021	延迟:445	大:Pinnacle	小:Zhibo	
成交:小球	4	赔率:1.1236	数额:6549	比分:1:2	单号:1507191615007242	状态:Success	账户:Zhibo	sos007	余额:199281.3	
成交:大球	4	赔率:0.884	数额:7381	比分:1:2	单号:482734211	状态:Waiting	账户:Pinnacle	hh8c102139	余额:193417.8	
2015-07-20	04:19:53.4774	WARN	【先手小球投注失败】队伍:Figueirense	<>	Coritiba	预期水位:1.027	延迟:342	大:Zhibo	小:Pinnacle	
2015-07-20	04:28:16.0963	INFO	【下注成功】水位:1.030	收入:178.72	队伍:Figueirense	<>	Coritiba	预期水位:1.030	延迟:400	大:Sbo	小:Zhibo	
成交:小球	0.5	赔率:0.69	数额:15000	比分:0:0	单号:1507191631326433	状态:Success	账户:Zhibo	sos003	余额:131881.7	
成交:大球	0.5	赔率:1.4925	数额:10170	比分:0:0	单号:4647191947	状态:Waiting	账户:Sbo	ehsc1aa003	余额:131244.6	
2015-07-20	04:33:25.6134	WARN	【补单成功】耗时40.0550051秒	收入19.39	队伍:Club	Atletico	Tigre	<>	Newells	Old	Boys	预期水位:1.025	延迟:423	大:Pinnacle	小:Sbo	
成交:小球	0.5	赔率:0.61	数额:7906	比分:0:0	单号:4647202504	状态:Waiting	账户:Sbo	ehsc1aa009	余额:197841.3	
成交:大球	0.5	赔率:1.65	数额:4803	比分:0:0	单号:482736923	状态:Waiting	账户:Pinnacle	hh8c102133	余额:157005.4	
2015-07-20	04:34:09.0958	WARN	【先手小球投注失败】队伍:Fluminense	<>	Vasco	da	Gama	预期水位:1.056	延迟:398	大:Zhibo	小:Pinnacle	
2015-07-20	04:34:26.1575	WARN	【先手小球投注失败】队伍:Fluminense	<>	Vasco	da	Gama	预期水位:1.017	延迟:602	大:Zhibo	小:Pinnacle	
2015-07-20	04:42:06.1902	WARN	【补单成功】耗时2.6447896秒	收入-0.01	队伍:Club	Atletico	Tigre	<>	Newells	Old	Boys	预期水位:1.049	延迟:403	大:Pinnacle	小:Sbo	
成交:小球	0.5	赔率:0.23	数额:10690	比分:0:0	单号:4647217902	状态:Waiting	账户:Sbo	ehsc1aa009	余额:187151.3	
成交:大球	0.5	赔率:4.3478	数额:2458	比分:0:0	单号:4647217916	状态:Waiting	账户:Sbo	ehsc1aa009	余额:184693.5	
2015-07-20	04:42:50.6969	WARN	【先手小球投注失败】队伍:Club	Atletico	Tigre	<>	Newells	Old	Boys	预期水位:1.016	延迟:510	大:Pinnacle	小:Sbo	
2015-07-20	04:43:29.7797	WARN	【补单成功】耗时3.7021103秒	收入-19.78	队伍:San	Martin	San	Juan	<>	Atletico	Huracan	预期水位:1.036	延迟:397	大:Pinnacle	小:Sbo	
成交:小球	4.5	赔率:0.28	数额:15000	比分:2:2	单号:4647219989	状态:Waiting	账户:Sbo	ehsc1aa007	余额:153957.9	
成交:大球	4.5	赔率:3.55	数额:4219	比分:2:2	单号:482739040	状态:Waiting	账户:Pinnacle	hh8c102139	余额:189198.8	
2015-07-20	16:07:06.3900	INFO	连接认证服务器成功	
2015-07-20	16:07:14.1307	WARN	登录成功	
