2015-07-13	08:49:34.5988	INFO	连接认证服务器成功	
2015-07-13	08:49:40.5214	WARN	登录成功	
2015-07-13	08:50:39.2513	WARN	【先手小球投注失败】队伍:Deportivo	Cali	<>	Jaguares	de	Cordoba	预期水位:1.010	延迟:618	大:Pinnacle	小:Zhibo	
2015-07-13	08:53:10.3884	INFO	【下注成功】水位:1.011	收入:2.68	队伍:Sarmiento	Junin	<>	Boca	Juniors	预期水位:1.011	延迟:704	大:Zhibo	小:Sbo	
成交:大球	1.5	赔率:0.9	数额:558	比分:0:0	单号:1507122053082023	状态:Success	账户:Zhibo	yanjing04	余额:99442	
成交:小球	1.5	赔率:1.1236	数额:499	比分:0:0	单号:4637385246	状态:Waiting	账户:Sbo	ehet711004	余额:299501.6	
2015-07-13	08:53:12.8226	INFO	【下注成功】水位:1.045	收入:2.68	队伍:Sarmiento	Junin	<>	Boca	Juniors	预期水位:1.011	延迟:807	大:Zhibo	小:Sbo	
成交:大球	1.5	赔率:0.93	数额:558	比分:0:0	单号:1507122053117062	状态:Success	账户:Zhibo	yanjing04	余额:98884	
成交:小球	1.5	赔率:1.1236	数额:499	比分:0:0	单号:4637385296	状态:Waiting	账户:Sbo	ehet711004	余额:299003.2	
2015-07-13	08:53:15.4799	INFO	【下注成功】水位:1.045	收入:11.80	队伍:Sarmiento	Junin	<>	Boca	Juniors	预期水位:1.045	延迟:754	大:Zhibo	小:Sbo	
成交:大球	1.5	赔率:0.93	数额:550	比分:0:0	单号:1507122053133766	状态:Success	账户:Zhibo	yanjing04	余额:98334	
成交:小球	1.5	赔率:1.1236	数额:500	比分:0:0	单号:4637385333	状态:Waiting	账户:Sbo	ehet711004	余额:298503.9	
2015-07-13	08:58:36.2568	INFO	【下注成功】水位:1.043	收入:11.00	队伍:Sarmiento	Junin	<>	Boca	Juniors	预期水位:1.043	延迟:817	大:Zhibo	小:Sbo	
成交:大球	1.5	赔率:1.0638	数额:479	比分:0:0	单号:1507122058343098	状态:Success	账户:Zhibo	yanjiang02	余额:99521	
成交:小球	1.5	赔率:0.98	数额:500	比分:0:0	单号:4637390661	状态:Waiting	账户:Sbo	ehet711006	余额:299500	
2015-07-13	08:58:38.1844	INFO	【下注成功】水位:1.043	收入:11.00	队伍:Sarmiento	Junin	<>	Boca	Juniors	预期水位:1.043	延迟:405	大:Zhibo	小:Sbo	
成交:大球	1.5	赔率:1.0638	数额:479	比分:0:0	单号:1507122058362949	状态:Success	账户:Zhibo	yanjiang02	余额:99042	
成交:小球	1.5	赔率:0.98	数额:500	比分:0:0	单号:4637390697	状态:Waiting	账户:Sbo	ehet711006	余额:299000	
2015-07-13	08:58:40.7639	INFO	【下注成功】水位:1.043	收入:11.00	队伍:Sarmiento	Junin	<>	Boca	Juniors	预期水位:1.043	延迟:624	大:Zhibo	小:Sbo	
成交:大球	1.5	赔率:1.0638	数额:479	比分:0:0	单号:1507122058389065	状态:没有此单	账户:Zhibo	yanjiang02	余额:98563	
成交:小球	1.5	赔率:0.98	数额:500	比分:0:0	单号:4637390741	状态:Waiting	账户:Sbo	ehet711006	余额:298500	
2015-07-13	08:59:08.7253	INFO	连接认证服务器成功	
2015-07-13	08:59:15.9319	WARN	登录成功	
2015-07-13	09:11:58.6239	INFO	【下注成功】水位:1.000	收入:-1.03	队伍:Sarmiento	Junin	<>	Boca	Juniors	预期水位:1.000	延迟:786	大:Sbo	小:Zhibo	
成交:小球	2.25	赔率:0.96	数额:500	比分:0:1	单号:1507122111565843	状态:Success	账户:Zhibo	yanjing08	余额:99500	
成交:大球	2.25	赔率:1.0417	数额:479	比分:0:1	单号:4637403613	状态:Waiting	账户:Sbo	ehet711000	余额:299521.9	
2015-07-13	09:12:00.5698	INFO	【下注成功】水位:1.000	收入:-1.03	队伍:Sarmiento	Junin	<>	Boca	Juniors	预期水位:1.000	延迟:476	大:Sbo	小:Zhibo	
成交:小球	2.25	赔率:0.96	数额:500	比分:0:1	单号:1507122111597001	状态:Success	账户:Zhibo	yanjing08	余额:99000	
成交:大球	2.25	赔率:1.0417	数额:479	比分:0:1	单号:4637403656	状态:Waiting	账户:Sbo	ehet711000	余额:299043.8	
2015-07-13	09:12:03.2691	INFO	【下注成功】水位:1.000	收入:-1.03	队伍:Sarmiento	Junin	<>	Boca	Juniors	预期水位:1.000	延迟:746	大:Sbo	小:Zhibo	
成交:小球	2.25	赔率:0.96	数额:500	比分:0:1	单号:1507122112018842	状态:Success	账户:Zhibo	yanjing08	余额:98500	
成交:大球	2.25	赔率:1.0417	数额:479	比分:0:1	单号:4637403700	状态:Waiting	账户:Sbo	ehet711000	余额:298565.8	
2015-07-13	09:12:05.4423	INFO	【下注成功】水位:1.000	收入:-1.03	队伍:Sarmiento	Junin	<>	Boca	Juniors	预期水位:1.000	延迟:556	大:Sbo	小:Zhibo	
成交:小球	2.25	赔率:0.96	数额:500	比分:0:1	单号:1507122112037985	状态:Success	账户:Zhibo	yanjing08	余额:98000	
成交:大球	2.25	赔率:1.0417	数额:479	比分:0:1	单号:4637403732	状态:Waiting	账户:Sbo	ehet711000	余额:298087.7	
2015-07-13	09:12:07.4925	INFO	【下注成功】水位:1.000	收入:-1.03	队伍:Sarmiento	Junin	<>	Boca	Juniors	预期水位:1.000	延迟:480	大:Sbo	小:Zhibo	
成交:小球	2.25	赔率:0.96	数额:500	比分:0:1	单号:1507122112066721	状态:Success	账户:Zhibo	yanjing08	余额:97500	
成交:大球	2.25	赔率:1.0417	数额:479	比分:0:1	单号:4637403767	状态:Waiting	账户:Sbo	ehet711000	余额:297609.6	
2015-07-13	09:12:09.6037	INFO	【下注成功】水位:1.000	收入:-1.03	队伍:Sarmiento	Junin	<>	Boca	Juniors	预期水位:1.000	延迟:569	大:Sbo	小:Zhibo	
成交:小球	2.25	赔率:0.96	数额:500	比分:0:1	单号:1507122112084477	状态:Success	账户:Zhibo	yanjing08	余额:97000	
成交:大球	2.25	赔率:1.0417	数额:479	比分:0:1	单号:4637403798	状态:Waiting	账户:Sbo	ehet711000	余额:297131.5	
2015-07-13	09:13:38.5814	WARN	【补单成功】耗时87.7095162秒	收入-0.39	队伍:Sarmiento	Junin	<>	Boca	Juniors	预期水位:1.000	延迟:1168	大:Sbo	小:Zhibo	
成交:小球	2.25	赔率:0.96	数额:500	比分:0:1	单号:1507122112103227	状态:Success	账户:Zhibo	yanjing08	余额:96500	
成交:大球	2.25	赔率:1.04	数额:480	比分:0:1	单号:481439928	状态:Waiting	账户:Pinnacle	ck8t731007	余额:205315.2	
2015-07-13	09:22:13.1746	INFO	【下注成功】水位:1.000	收入:0.50	队伍:Mexico	<>	Guatemala	预期水位:1.000	延迟:479	大:Sbo	小:Zhibo	
成交:小球	2.5	赔率:1.1111	数额:499	比分:0:0	单号:1507122122114123	状态:Success	账户:Zhibo	yanjing05	余额:99501	
成交:大球	2.5	赔率:0.9	数额:555	比分:0:0	单号:4637413751	状态:Waiting	账户:Sbo	ehet711003	余额:299445	
2015-07-13	09:22:15.3799	INFO	【下注成功】水位:1.000	收入:0.50	队伍:Mexico	<>	Guatemala	预期水位:1.000	延迟:584	大:Sbo	小:Zhibo	
成交:小球	2.5	赔率:1.1111	数额:499	比分:0:0	单号:1507122122132867	状态:Success	账户:Zhibo	yanjing05	余额:99002	
成交:大球	2.5	赔率:0.9	数额:555	比分:0:0	单号:4637413783	状态:Waiting	账户:Sbo	ehet711003	余额:298890	
2015-07-13	19:57:47.3724	WARN	连接认证服务器失败	
2015-07-13	19:58:30.3190	INFO	连接认证服务器成功	
2015-07-13	19:58:38.9057	WARN	登录成功	
2015-07-13	23:42:15.3819	INFO	连接认证服务器成功	
2015-07-13	23:42:21.2540	WARN	登录成功	
2015-07-13	23:43:57.2204	WARN	【客队投注失败】队伍:SC	Paderborn	07	(n)	<>	Bolton	Wanderers	预期水位:1.010	延迟:855	让:Sbo	受让:Pinnacle	
2015-07-13	23:47:37.2746	INFO	【下注成功】水位:1.039	收入:8.80	队伍:Inter	Turku	<>	IFK	Mariehamn	预期水位:1.039	延迟:443	大:Pinnacle	小:Zhibo	
成交:小球	3.25	赔率:0.98	数额:500	比分:1:0	单号:1507131147345233	状态:Waiting	账户:Zhibo	yanjing06	余额:99500	
成交:大球	3.25	赔率:1.06	数额:480	比分:1:0	单号:481495400	状态:Waiting	账户:Pinnacle	ck8t731004	余额:201105.7	
2015-07-13	23:47:56.7133	WARN	【补单成功】耗时17.7717771秒	收入-2.51	队伍:Inter	Turku	<>	IFK	Mariehamn	预期水位:1.000	延迟:652	大:Pinnacle	小:Zhibo	
成交:小球	3.25	赔率:0.98	数额:499	比分:1:0	单号:1507131147388170	状态:Waiting	账户:Zhibo	yanjing06	余额:99001	
成交:大球	3.25	赔率:1.0101	数额:491	比分:1:0	单号:4637907123	状态:Waiting	账户:Sbo	ehet711003	余额:298402.7	
